[08/01/2025 20:40:03] [plugins/mysql] cache_get_value_name_int: invalid row index '4' (number of rows: '1')
[08/01/2025 20:40:03] [plugins/mysql] cache_get_value_name_int: invalid row index '4' (number of rows: '1')
[08/01/2025 20:40:03] [plugins/mysql] cache_get_value_name: invalid row index '4' (number of rows: '1')
[08/01/2025 20:40:03] [plugins/mysql] cache_get_value_name_float: invalid row index '4' (number of rows: '1')
[08/01/2025 20:40:03] [plugins/mysql] cache_get_value_name_float: invalid row index '4' (number of rows: '1')
[08/01/2025 20:40:03] [plugins/mysql] cache_get_value_name_float: invalid row index '4' (number of rows: '1')
[08/01/2025 20:40:03] [plugins/mysql] cache_get_value_name_float: invalid row index '4' (number of rows: '1')
[08/01/2025 20:40:03] [plugins/mysql] cache_get_value_name_float: invalid row index '4' (number of rows: '1')
[08/01/2025 20:40:03] [plugins/mysql] cache_get_value_name_float: invalid row index '4' (number of rows: '1')
[08/01/2025 20:40:03] [plugins/mysql] cache_get_value_name_float: invalid row index '4' (number of rows: '1')
[08/01/2025 20:40:03] [plugins/mysql] cache_get_value_name_int: invalid row index '4' (number of rows: '1')
[08/01/2025 20:40:03] [plugins/mysql] cache_get_value_name_int: invalid row index '4' (number of rows: '1')
[08/01/2025 20:40:03] [plugins/mysql] cache_get_value_name_int: invalid row index '4' (number of rows: '1')
[08/01/2025 20:40:03] [plugins/mysql] cache_get_value_name: invalid row index '4' (number of rows: '1')
[08/01/2025 20:40:03] [plugins/mysql] cache_get_value_name_float: invalid row index '4' (number of rows: '1')
[08/01/2025 20:40:03] [plugins/mysql] cache_get_value_name_float: invalid row index '4' (number of rows: '1')
[08/01/2025 20:40:03] [plugins/mysql] cache_get_value_name_float: invalid row index '4' (number of rows: '1')
[08/01/2025 20:40:03] [plugins/mysql] cache_get_value_name_float: invalid row index '4' (number of rows: '1')
[08/01/2025 20:40:03] [plugins/mysql] cache_get_value_name_float: invalid row index '4' (number of rows: '1')
[08/01/2025 20:40:03] [plugins/mysql] cache_get_value_name_float: invalid row index '4' (number of rows: '1')
[08/01/2025 20:40:03] [plugins/mysql] cache_get_value_name_float: invalid row index '4' (number of rows: '1')
[08/01/2025 20:40:03] [plugins/mysql] cache_get_value_name_int: invalid row index '4' (number of rows: '1')
[08/01/2025 20:40:03] [plugins/mysql] cache_get_value_name_int: invalid row index '4' (number of rows: '1')
[08/01/2025 20:40:03] [plugins/mysql] cache_get_value_name_int: invalid row index '4' (number of rows: '1')
[08/01/2025 20:40:03] [plugins/mysql] cache_get_value_name: invalid row index '4' (number of rows: '1')
[08/01/2025 20:40:03] [plugins/mysql] cache_get_value_name_float: invalid row index '4' (number of rows: '1')
[08/01/2025 20:40:03] [plugins/mysql] cache_get_value_name_float: invalid row index '4' (number of rows: '1')
[08/01/2025 20:40:03] [plugins/mysql] cache_get_value_name_float: invalid row index '4' (number of rows: '1')
[08/01/2025 20:40:03] [plugins/mysql] cache_get_value_name_float: invalid row index '4' (number of rows: '1')
[08/01/2025 20:40:03] [plugins/mysql] cache_get_value_name_float: invalid row index '4' (number of rows: '1')
[08/01/2025 20:40:03] [plugins/mysql] cache_get_value_name_float: invalid row index '4' (number of rows: '1')
[08/01/2025 20:40:03] [plugins/mysql] cache_get_value_name_float: invalid row index '4' (number of rows: '1')
[08/01/2025 20:40:03] [plugins/mysql] cache_get_value_name_int: invalid row index '4' (number of rows: '1')
[08/01/2025 20:40:03] [plugins/mysql] cache_get_value_name_int: invalid row index '4' (number of rows: '1')
[08/01/2025 20:40:03] [plugins/mysql] cache_get_value_name_int: invalid row index '4' (number of rows: '1')
[08/01/2025 20:40:03] [plugins/mysql] cache_get_value_name: invalid row index '4' (number of rows: '1')
[08/01/2025 20:40:03] [plugins/mysql] cache_get_value_name_float: invalid row index '4' (number of rows: '1')
[08/01/2025 20:40:03] [plugins/mysql] cache_get_value_name_float: invalid row index '4' (number of rows: '1')
[08/01/2025 20:40:03] [plugins/mysql] cache_get_value_name_float: invalid row index '4' (number of rows: '1')
[08/01/2025 20:40:03] [plugins/mysql] cache_get_value_name_float: invalid row index '4' (number of rows: '1')
[08/01/2025 20:40:03] [plugins/mysql] cache_get_value_name_float: invalid row index '4' (number of rows: '1')
[08/01/2025 20:40:03] [plugins/mysql] cache_get_value_name_float: invalid row index '4' (number of rows: '1')
[08/01/2025 20:40:03] [plugins/mysql] cache_get_value_name_float: invalid row index '4' (number of rows: '1')
[08/01/2025 20:40:03] [plugins/mysql] cache_get_value_name_int: invalid row index '4' (number of rows: '1')
[08/01/2025 20:40:03] [plugins/mysql] cache_get_value_name_int: invalid row index '4' (number of rows: '1')
[08/01/2025 20:40:03] [plugins/mysql] cache_get_value_name_int: invalid row index '4' (number of rows: '1')
[08/01/2025 20:40:03] [plugins/mysql] cache_get_value_name: invalid row index '4' (number of rows: '1')
[08/01/2025 20:40:03] [plugins/mysql] cache_get_value_name_float: invalid row index '4' (number of rows: '1')
[08/01/2025 20:40:03] [plugins/mysql] cache_get_value_name_float: invalid row index '4' (number of rows: '1')
[08/01/2025 20:40:03] [plugins/mysql] cache_get_value_name_float: invalid row index '4' (number of rows: '1')
[08/01/2025 20:40:03] [plugins/mysql] cache_get_value_name_float: invalid row index '4' (number of rows: '1')
[08/01/2025 20:40:03] [plugins/mysql] cache_get_value_name_float: invalid row index '4' (number of rows: '1')
[08/01/2025 20:40:03] [plugins/mysql] cache_get_value_name_float: invalid row index '4' (number of rows: '1')
[08/01/2025 20:40:03] [plugins/mysql] cache_get_value_name_float: invalid row index '4' (number of rows: '1')
[08/01/2025 20:40:03] [plugins/mysql] cache_get_value_name_int: invalid row index '4' (number of rows: '1')
[08/01/2025 20:40:55] [plugins/mysql] cache_get_value_name_int: value 'NULL' is not a number
[08/01/2025 20:47:39] [plugins/mysql] CCallback::Execute - invalid AMX instance
[08/01/2025 20:47:39] [plugins/mysql] CCallback::Execute - invalid AMX instance
[08/01/2025 20:47:51] [plugins/mysql] cache_get_value_name_int: invalid row index '4' (number of rows: '1')
[08/01/2025 20:47:51] [plugins/mysql] cache_get_value_name_int: invalid row index '4' (number of rows: '1')
[08/01/2025 20:47:51] [plugins/mysql] cache_get_value_name: invalid row index '4' (number of rows: '1')
[08/01/2025 20:47:51] [plugins/mysql] cache_get_value_name_float: invalid row index '4' (number of rows: '1')
[08/01/2025 20:47:51] [plugins/mysql] cache_get_value_name_float: invalid row index '4' (number of rows: '1')
[08/01/2025 20:47:51] [plugins/mysql] cache_get_value_name_float: invalid row index '4' (number of rows: '1')
[08/01/2025 20:47:51] [plugins/mysql] cache_get_value_name_float: invalid row index '4' (number of rows: '1')
[08/01/2025 20:47:51] [plugins/mysql] cache_get_value_name_float: invalid row index '4' (number of rows: '1')
[08/01/2025 20:47:51] [plugins/mysql] cache_get_value_name_float: invalid row index '4' (number of rows: '1')
[08/01/2025 20:47:51] [plugins/mysql] cache_get_value_name_float: invalid row index '4' (number of rows: '1')
[08/01/2025 20:47:51] [plugins/mysql] cache_get_value_name_int: invalid row index '4' (number of rows: '1')
[08/01/2025 20:47:51] [plugins/mysql] cache_get_value_name_int: invalid row index '4' (number of rows: '1')
[08/01/2025 20:47:51] [plugins/mysql] cache_get_value_name_int: invalid row index '4' (number of rows: '1')
[08/01/2025 20:47:51] [plugins/mysql] cache_get_value_name: invalid row index '4' (number of rows: '1')
[08/01/2025 20:47:51] [plugins/mysql] cache_get_value_name_float: invalid row index '4' (number of rows: '1')
[08/01/2025 20:47:51] [plugins/mysql] cache_get_value_name_float: invalid row index '4' (number of rows: '1')
[08/01/2025 20:47:51] [plugins/mysql] cache_get_value_name_float: invalid row index '4' (number of rows: '1')
[08/01/2025 20:47:51] [plugins/mysql] cache_get_value_name_float: invalid row index '4' (number of rows: '1')
[08/01/2025 20:47:51] [plugins/mysql] cache_get_value_name_float: invalid row index '4' (number of rows: '1')
[08/01/2025 20:47:51] [plugins/mysql] cache_get_value_name_float: invalid row index '4' (number of rows: '1')
[08/01/2025 20:47:51] [plugins/mysql] cache_get_value_name_float: invalid row index '4' (number of rows: '1')
[08/01/2025 20:47:51] [plugins/mysql] cache_get_value_name_int: invalid row index '4' (number of rows: '1')
[08/01/2025 20:47:51] [plugins/mysql] cache_get_value_name_int: invalid row index '4' (number of rows: '1')
[08/01/2025 20:47:51] [plugins/mysql] cache_get_value_name_int: invalid row index '4' (number of rows: '1')
[08/01/2025 20:47:51] [plugins/mysql] cache_get_value_name: invalid row index '4' (number of rows: '1')
[08/01/2025 20:47:51] [plugins/mysql] cache_get_value_name_float: invalid row index '4' (number of rows: '1')
[08/01/2025 20:47:51] [plugins/mysql] cache_get_value_name_float: invalid row index '4' (number of rows: '1')
[08/01/2025 20:47:51] [plugins/mysql] cache_get_value_name_float: invalid row index '4' (number of rows: '1')
[08/01/2025 20:47:51] [plugins/mysql] cache_get_value_name_float: invalid row index '4' (number of rows: '1')
[08/01/2025 20:47:51] [plugins/mysql] cache_get_value_name_float: invalid row index '4' (number of rows: '1')
[08/01/2025 20:47:51] [plugins/mysql] cache_get_value_name_float: invalid row index '4' (number of rows: '1')
[08/01/2025 20:47:51] [plugins/mysql] cache_get_value_name_float: invalid row index '4' (number of rows: '1')
[08/01/2025 20:47:51] [plugins/mysql] cache_get_value_name_int: invalid row index '4' (number of rows: '1')
[08/01/2025 20:47:51] [plugins/mysql] cache_get_value_name_int: invalid row index '4' (number of rows: '1')
[08/01/2025 20:47:51] [plugins/mysql] cache_get_value_name_int: invalid row index '4' (number of rows: '1')
[08/01/2025 20:47:51] [plugins/mysql] cache_get_value_name: invalid row index '4' (number of rows: '1')
[08/01/2025 20:47:51] [plugins/mysql] cache_get_value_name_float: invalid row index '4' (number of rows: '1')
[08/01/2025 20:47:51] [plugins/mysql] cache_get_value_name_float: invalid row index '4' (number of rows: '1')
[08/01/2025 20:47:51] [plugins/mysql] cache_get_value_name_float: invalid row index '4' (number of rows: '1')
[08/01/2025 20:47:51] [plugins/mysql] cache_get_value_name_float: invalid row index '4' (number of rows: '1')
[08/01/2025 20:47:51] [plugins/mysql] cache_get_value_name_float: invalid row index '4' (number of rows: '1')
[08/01/2025 20:47:51] [plugins/mysql] cache_get_value_name_float: invalid row index '4' (number of rows: '1')
[08/01/2025 20:47:51] [plugins/mysql] cache_get_value_name_float: invalid row index '4' (number of rows: '1')
[08/01/2025 20:47:51] [plugins/mysql] cache_get_value_name_int: invalid row index '4' (number of rows: '1')
[08/01/2025 20:47:51] [plugins/mysql] cache_get_value_name_int: invalid row index '4' (number of rows: '1')
[08/01/2025 20:47:51] [plugins/mysql] cache_get_value_name_int: invalid row index '4' (number of rows: '1')
[08/01/2025 20:47:51] [plugins/mysql] cache_get_value_name: invalid row index '4' (number of rows: '1')
[08/01/2025 20:47:51] [plugins/mysql] cache_get_value_name_float: invalid row index '4' (number of rows: '1')
[08/01/2025 20:47:51] [plugins/mysql] cache_get_value_name_float: invalid row index '4' (number of rows: '1')
[08/01/2025 20:47:51] [plugins/mysql] cache_get_value_name_float: invalid row index '4' (number of rows: '1')
[08/01/2025 20:47:51] [plugins/mysql] cache_get_value_name_float: invalid row index '4' (number of rows: '1')
[08/01/2025 20:47:51] [plugins/mysql] cache_get_value_name_float: invalid row index '4' (number of rows: '1')
[08/01/2025 20:47:51] [plugins/mysql] cache_get_value_name_float: invalid row index '4' (number of rows: '1')
[08/01/2025 20:47:51] [plugins/mysql] cache_get_value_name_float: invalid row index '4' (number of rows: '1')
[08/01/2025 20:47:51] [plugins/mysql] cache_get_value_name_int: invalid row index '4' (number of rows: '1')
[08/01/2025 20:48:18] [plugins/mysql] cache_get_value_name_int: value 'NULL' is not a number
